<?xml version="1.0" encoding="UTF-8"?>
<!-- Generated by org.testng.reporters.JUnitReportReporter -->
<testsuite skipped="0" hostname="Admin-PC" name="chapter01.ver04.CustomerTest" tests="1" failures="0" timestamp="06 六月 2018 06:46:52 GMT" time="0.010" errors="0">
  <testcase name="statement" time="0.010" classname="chapter01.ver04.CustomerTest"/>
</testsuite> <!-- chapter01.ver04.CustomerTest -->
