<?xml version="1.0" encoding="UTF-8"?>
<!-- Generated by org.testng.reporters.JUnitReportReporter -->
<testsuite skipped="0" hostname="Admin-PC" name="chapter01.ver11.CustomerTest" tests="1" failures="0" timestamp="07 六月 2018 03:55:07 GMT" time="0.044" errors="0">
  <testcase name="statement" time="0.044" classname="chapter01.ver11.CustomerTest"/>
</testsuite> <!-- chapter01.ver11.CustomerTest -->
