<?xml version="1.0" encoding="UTF-8"?>
<!-- Generated by org.testng.reporters.JUnitReportReporter -->
<testsuite skipped="0" hostname="Admin-PC" name="chapter01.ver09.CustomerTest" tests="1" failures="0" timestamp="07 六月 2018 03:45:44 GMT" time="0.011" errors="0">
  <testcase name="statement" time="0.011" classname="chapter01.ver09.CustomerTest"/>
</testsuite> <!-- chapter01.ver09.CustomerTest -->
